[debug] [2022-11-22T19:58:49.823Z] ----------------------------------------------------------------------
[debug] [2022-11-22T19:58:49.824Z] Command:       /usr/local/bin/node /usr/local/bin/firebase init hosting:github
[debug] [2022-11-22T19:58:49.824Z] CLI Version:   11.15.0
[debug] [2022-11-22T19:58:49.824Z] Platform:      darwin
[debug] [2022-11-22T19:58:49.824Z] Node Version:  v16.15.1
[debug] [2022-11-22T19:58:49.825Z] Time:          Tue Nov 22 2022 14:58:49 GMT-0500 (Eastern Standard Time)
[debug] [2022-11-22T19:58:49.825Z] ----------------------------------------------------------------------
[debug] 
[debug] [2022-11-22T19:58:49.855Z] > command requires scopes: ["email","openid","https://www.googleapis.com/auth/cloudplatformprojects.readonly","https://www.googleapis.com/auth/firebase","https://www.googleapis.com/auth/cloud-platform"]
[debug] [2022-11-22T19:58:49.855Z] > authorizing via signed-in user (cuckovich94@gmail.com)
[info] 
     ######## #### ########  ######## ########     ###     ######  ########
     ##        ##  ##     ## ##       ##     ##  ##   ##  ##       ##
     ######    ##  ########  ######   ########  #########  ######  ######
     ##        ##  ##    ##  ##       ##     ## ##     ##       ## ##
     ##       #### ##     ## ######## ########  ##     ##  ######  ########

You're about to initialize a Firebase project in this directory:

  /Users/mitchcuckovich/Desktop/JavaScriptBootcamp_September2022/unit-9-db/03-shoutouts/frontend

Before we get started, keep in mind:

  * You are initializing within an existing Firebase project directory

[info] 
=== Project Setup
[info] 
[info] First, let's associate this project directory with a Firebase project.
[info] You can create multiple project aliases by running firebase use --add, 
[info] but for now we'll just set up a default project.
[info] 
[debug] [2022-11-22T19:58:49.857Z] Using project from CLI flag: shoutouts-gc
[debug] [2022-11-22T19:58:49.858Z] >>> [apiv2][query] GET https://firebase.googleapis.com/v1beta1/projects/shoutouts-gc [none]
[debug] [2022-11-22T19:58:50.073Z] <<< [apiv2][status] GET https://firebase.googleapis.com/v1beta1/projects/shoutouts-gc 200
[debug] [2022-11-22T19:58:50.073Z] <<< [apiv2][body] GET https://firebase.googleapis.com/v1beta1/projects/shoutouts-gc {"projectId":"shoutouts-gc","projectNumber":"1091085380366","displayName":"shoutouts-gc","name":"projects/shoutouts-gc","resources":{"hostingSite":"shoutouts-gc","storageBucket":"shoutouts-gc.appspot.com","locationId":"us-central"},"state":"ACTIVE","etag":"1_7a59af4c-2dd3-4ee8-a645-6f5e42b64e7f"}
[info] i  Using project shoutouts-gc (shoutouts-gc) 
[info] 
=== Hosting:github Setup
[info] 
[info] i  Detected a .git folder at /Users/mitchcuckovich/Desktop/JavaScriptBootcamp_September2022 
[info] i  Authorizing with GitHub to upload your service account to a GitHub repository's secrets store. 
[info] 
[info] Visit this URL on this device to log in:
[info] https://github.com/login/oauth/authorize?client_id=89cf50f02ac6aaed3484&state=975146665&redirect_uri=http%3A%2F%2Flocalhost%3A9005&scope=read%3Auser%20repo%20public_repo
[info] 
[info] Waiting for authentication...
[debug] [2022-11-22T19:58:50.646Z] >>> [apiv2][query] POST https://github.com/login/oauth/access_token [none]
[debug] [2022-11-22T19:58:50.646Z] >>> [apiv2][body] POST https://github.com/login/oauth/access_token [stream]
[debug] [2022-11-22T19:58:50.896Z] <<< [apiv2][status] POST https://github.com/login/oauth/access_token 200
[debug] [2022-11-22T19:58:50.896Z] <<< [apiv2][body] POST https://github.com/login/oauth/access_token {"access_token":"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","token_type":"bearer","scope":"read:user,repo"}
[debug] [2022-11-22T19:58:50.901Z] >>> [apiv2][query] GET https://api.github.com/user [none]
[debug] [2022-11-22T19:58:51.178Z] <<< [apiv2][status] GET https://api.github.com/user 200
[debug] [2022-11-22T19:58:51.179Z] <<< [apiv2][body] GET https://api.github.com/user {"login":"mcuckovich","id":46250722,"node_id":"MDQ6VXNlcjQ2MjUwNzIy","avatar_url":"https://avatars.githubusercontent.com/u/46250722?v=4","gravatar_id":"","url":"https://api.github.com/users/mcuckovich","html_url":"https://github.com/mcuckovich","followers_url":"https://api.github.com/users/mcuckovich/followers","following_url":"https://api.github.com/users/mcuckovich/following{/other_user}","gists_url":"https://api.github.com/users/mcuckovich/gists{/gist_id}","starred_url":"https://api.github.com/users/mcuckovich/starred{/owner}{/repo}","subscriptions_url":"https://api.github.com/users/mcuckovich/subscriptions","organizations_url":"https://api.github.com/users/mcuckovich/orgs","repos_url":"https://api.github.com/users/mcuckovich/repos","events_url":"https://api.github.com/users/mcuckovich/events{/privacy}","received_events_url":"https://api.github.com/users/mcuckovich/received_events","type":"User","site_admin":false,"name":"Mitch Cuckovich","company":null,"blog":"","location":null,"email":"cuckovich94@gmail.com","hireable":null,"bio":"Grand Circus instructor.\r\n","twitter_username":null,"public_repos":1,"public_gists":0,"followers":7,"following":1,"created_at":"2018-12-29T21:45:48Z","updated_at":"2022-10-17T03:19:03Z","private_gists":0,"total_private_repos":7,"owned_private_repos":7,"disk_usage":16906,"collaborators":1,"two_factor_authentication":false,"plan":{"name":"free","space":976562499,"collaborators":0,"private_repos":10000}}
[info] 
[info] ✔  Success! Logged into GitHub as mcuckovich 
[info] 
